<?xml version="1.0" encoding="UTF-8"?>
<!-- Generated by org.testng.reporters.JUnitReportReporter -->
<testsuite hostname="DESKTOP-04HCCSU" failures="0" tests="2" name="testCase.TestCase_1" time="12.730" errors="0" timestamp="2022-06-30T17:42:49 EEST" skipped="0">
  <testcase classname="testCase.TestCase_1" name="tc_002" time="7.194"/>
  <system-out/>
  <testcase classname="testCase.TestCase_1" name="tc_001" time="5.536"/>
  <system-out/>
</testsuite> <!-- testCase.TestCase_1 -->
