<?xml version="1.0" encoding="UTF-8"?>
<!-- Generated by org.testng.reporters.JUnitReportReporter -->
<testsuite hostname="DESKTOP-04HCCSU" failures="0" tests="2" name="testCase.TestCase_1" time="11.025" errors="0" timestamp="2022-06-30T18:35:45 EEST" skipped="0">
  <testcase classname="testCase.TestCase_1" name="tc_001" time="6.818"/>
  <system-out/>
  <testcase classname="testCase.TestCase_1" name="tc_002" time="4.207"/>
  <system-out/>
</testsuite> <!-- testCase.TestCase_1 -->
